# JRE version: Java(TM) SE Runtime Environment (8.0_60-b27) (build 1.8.0_60-b27)
# Java VM: Java HotSpot(TM) 64-Bit Server VM (25.60-b23 mixed mode windows-amd64 compressed oops)
Heap:
 PSYoungGen      total 28160K, used 15435K [0x00000000d5f00000, 0x00000000d8000000, 0x0000000100000000)
  eden space 22528K, 61% used [0x00000000d5f00000,0x00000000d6c884f0,0x00000000d7500000)
  from space 5632K, 28% used [0x00000000d7500000,0x00000000d768a830,0x00000000d7a80000)
  to   space 5632K, 0% used [0x00000000d7a80000,0x00000000d7a80000,0x00000000d8000000)
 ParOldGen       total 87552K, used 14626K [0x0000000081c00000, 0x0000000087180000, 0x00000000d5f00000)
  object space 87552K, 16% used [0x0000000081c00000,0x0000000082a48b80,0x0000000087180000)
 Metaspace       used 13930K, capacity 14114K, committed 14208K, reserved 1062912K
  class space    used 1544K, capacity 1607K, committed 1664K, reserved 1048576K
GC Heap History (10 events):
Event: 40.667 GC heap before
{Heap before GC invocations=263 (full 0):
 PSYoungGen      total 28160K, used 25391K [0x00000000d5f00000, 0x00000000d8000000, 0x0000000100000000)
  eden space 22528K, 97% used [0x00000000d5f00000,0x00000000d747f3f8,0x00000000d7500000)
  from space 5632K, 59% used [0x00000000d7a80000,0x00000000d7dcc850,0x00000000d8000000)
  to   space 5632K, 0% used [0x00000000d7500000,0x00000000d7500000,0x00000000d7a80000)
 ParOldGen       total 87552K, used 14546K [0x0000000081c00000, 0x0000000087180000, 0x00000000d5f00000)
  object space 87552K, 16% used [0x0000000081c00000,0x0000000082a34b80,0x0000000087180000)
 Metaspace       used 13918K, capacity 14114K, committed 14208K, reserved 1062912K
  class space    used 1542K, capacity 1607K, committed 1664K, reserved 1048576K
Event: 40.668 GC heap after
Heap after GC invocations=263 (full 0):
 PSYoungGen      total 28160K, used 1054K [0x00000000d5f00000, 0x00000000d8000000, 0x0000000100000000)
  eden space 22528K, 0% used [0x00000000d5f00000,0x00000000d5f00000,0x00000000d7500000)
  from space 5632K, 18% used [0x00000000d7500000,0x00000000d7607858,0x00000000d7a80000)
  to   space 5632K, 0% used [0x00000000d7a80000,0x00000000d7a80000,0x00000000d8000000)
 ParOldGen       total 87552K, used 14562K [0x0000000081c00000, 0x0000000087180000, 0x00000000d5f00000)
  object space 87552K, 16% used [0x0000000081c00000,0x0000000082a38b80,0x0000000087180000)
 Metaspace       used 13918K, capacity 14114K, committed 14208K, reserved 1062912K
  class space    used 1542K, capacity 1607K, committed 1664K, reserved 1048576K
}
Event: 40.801 GC heap before
{Heap before GC invocations=264 (full 0):
 PSYoungGen      total 28160K, used 23582K [0x00000000d5f00000, 0x00000000d8000000, 0x0000000100000000)
  eden space 22528K, 100% used [0x00000000d5f00000,0x00000000d7500000,0x00000000d7500000)
  from space 5632K, 18% used [0x00000000d7500000,0x00000000d7607858,0x00000000d7a80000)
  to   space 5632K, 0% used [0x00000000d7a80000,0x00000000d7a80000,0x00000000d8000000)
 ParOldGen       total 87552K, used 14562K [0x0000000081c00000, 0x0000000087180000, 0x00000000d5f00000)
  object space 87552K, 16% used [0x0000000081c00000,0x0000000082a38b80,0x0000000087180000)
 Metaspace       used 13918K, capacity 14114K, committed 14208K, reserved 1062912K
  class space    used 1542K, capacity 1607K, committed 1664K, reserved 1048576K
Event: 40.801 GC heap after
Heap after GC invocations=264 (full 0):
 PSYoungGen      total 28160K, used 3378K [0x00000000d5f00000, 0x00000000d8000000, 0x0000000100000000)
  eden space 22528K, 0% used [0x00000000d5f00000,0x00000000d5f00000,0x00000000d7500000)
  from space 5632K, 59% used [0x00000000d7a80000,0x00000000d7dcc850,0x00000000d8000000)
  to   space 5632K, 0% used [0x00000000d7500000,0x00000000d7500000,0x00000000d7a80000)
 ParOldGen       total 87552K, used 14578K [0x0000000081c00000, 0x0000000087180000, 0x00000000d5f00000)
  object space 87552K, 16% used [0x0000000081c00000,0x0000000082a3cb80,0x0000000087180000)
 Metaspace       used 13918K, capacity 14114K, committed 14208K, reserved 1062912K
  class space    used 1542K, capacity 1607K, committed 1664K, reserved 1048576K
}
Event: 40.900 GC heap before
{Heap before GC invocations=265 (full 0):
 PSYoungGen      total 28160K, used 25906K [0x00000000d5f00000, 0x00000000d8000000, 0x0000000100000000)
  eden space 22528K, 100% used [0x00000000d5f00000,0x00000000d7500000,0x00000000d7500000)
  from space 5632K, 59% used [0x00000000d7a80000,0x00000000d7dcc850,0x00000000d8000000)
  to   space 5632K, 0% used [0x00000000d7500000,0x00000000d7500000,0x00000000d7a80000)
 ParOldGen       total 87552K, used 14578K [0x0000000081c00000, 0x0000000087180000, 0x00000000d5f00000)
  object space 87552K, 16% used [0x0000000081c00000,0x0000000082a3cb80,0x0000000087180000)
 Metaspace       used 13918K, capacity 14114K, committed 14208K, reserved 1062912K
  class space    used 1542K, capacity 1607K, committed 1664K, reserved 1048576K
Event: 40.901 GC heap after
Heap after GC invocations=265 (full 0):
 PSYoungGen      total 28160K, used 3378K [0x00000000d5f00000, 0x00000000d8000000, 0x0000000100000000)
  eden space 22528K, 0% used [0x00000000d5f00000,0x00000000d5f00000,0x00000000d7500000)
  from space 5632K, 59% used [0x00000000d7500000,0x00000000d784c850,0x00000000d7a80000)
  to   space 5632K, 0% used [0x00000000d7a80000,0x00000000d7a80000,0x00000000d8000000)
 ParOldGen       total 87552K, used 14594K [0x0000000081c00000, 0x0000000087180000, 0x00000000d5f00000)
  object space 87552K, 16% used [0x0000000081c00000,0x0000000082a40b80,0x0000000087180000)
 Metaspace       used 13918K, capacity 14114K, committed 14208K, reserved 1062912K
  class space    used 1542K, capacity 1607K, committed 1664K, reserved 1048576K
}
Event: 41.000 GC heap before
{Heap before GC invocations=266 (full 0):
 PSYoungGen      total 28160K, used 25906K [0x00000000d5f00000, 0x00000000d8000000, 0x0000000100000000)
  eden space 22528K, 100% used [0x00000000d5f00000,0x00000000d7500000,0x00000000d7500000)
  from space 5632K, 59% used [0x00000000d7500000,0x00000000d784c850,0x00000000d7a80000)
  to   space 5632K, 0% used [0x00000000d7a80000,0x00000000d7a80000,0x00000000d8000000)
 ParOldGen       total 87552K, used 14594K [0x0000000081c00000, 0x0000000087180000, 0x00000000d5f00000)
  object space 87552K, 16% used [0x0000000081c00000,0x0000000082a40b80,0x0000000087180000)
 Metaspace       used 13918K, capacity 14114K, committed 14208K, reserved 1062912K
  class space    used 1542K, capacity 1607K, committed 1664K, reserved 1048576K
Event: 41.001 GC heap after
Heap after GC invocations=266 (full 0):
 PSYoungGen      total 28160K, used 3378K [0x00000000d5f00000, 0x00000000d8000000, 0x0000000100000000)
  eden space 22528K, 0% used [0x00000000d5f00000,0x00000000d5f00000,0x00000000d7500000)
  from space 5632K, 59% used [0x00000000d7a80000,0x00000000d7dcc850,0x00000000d8000000)
  to   space 5632K, 0% used [0x00000000d7500000,0x00000000d7500000,0x00000000d7a80000)
 ParOldGen       total 87552K, used 14610K [0x0000000081c00000, 0x0000000087180000, 0x00000000d5f00000)
  object space 87552K, 16% used [0x0000000081c00000,0x0000000082a44b80,0x0000000087180000)
 Metaspace       used 13918K, capacity 14114K, committed 14208K, reserved 1062912K
  class space    used 1542K, capacity 1607K, committed 1664K, reserved 1048576K
}
Event: 41.104 GC heap before
{Heap before GC invocations=267 (full 0):
 PSYoungGen      total 28160K, used 25906K [0x00000000d5f00000, 0x00000000d8000000, 0x0000000100000000)
  eden space 22528K, 100% used [0x00000000d5f00000,0x00000000d7500000,0x00000000d7500000)
  from space 5632K, 59% used [0x00000000d7a80000,0x00000000d7dcc850,0x00000000d8000000)
  to   space 5632K, 0% used [0x00000000d7500000,0x00000000d7500000,0x00000000d7a80000)
 ParOldGen       total 87552K, used 14610K [0x0000000081c00000, 0x0000000087180000, 0x00000000d5f00000)
  object space 87552K, 16% used [0x0000000081c00000,0x0000000082a44b80,0x0000000087180000)
 Metaspace       used 13930K, capacity 14114K, committed 14208K, reserved 1062912K
  class space    used 1544K, capacity 1607K, committed 1664K, reserved 1048576K
Event: 41.105 GC heap after
Heap after GC invocations=267 (full 0):
 PSYoungGen      total 28160K, used 1578K [0x00000000d5f00000, 0x00000000d8000000, 0x0000000100000000)
  eden space 22528K, 0% used [0x00000000d5f00000,0x00000000d5f00000,0x00000000d7500000)
  from space 5632K, 28% used [0x00000000d7500000,0x00000000d768a830,0x00000000d7a80000)
  to   space 5632K, 0% used [0x00000000d7a80000,0x00000000d7a80000,0x00000000d8000000)
 ParOldGen       total 87552K, used 14626K [0x0000000081c00000, 0x0000000087180000, 0x00000000d5f00000)
  object space 87552K, 16% used [0x0000000081c00000,0x0000000082a48b80,0x0000000087180000)
 Metaspace       used 13930K, capacity 14114K, committed 14208K, reserved 1062912K
  class space    used 1544K, capacity 1607K, committed 1664K, reserved 1048576K
}

